The system is: Windows - 10.0.22000 - AMD64
Compiling the C compiler identification source file "CMakeCCompilerId.c" succeeded.
Compiler: C:/x86_64-elf-tools-windows/bin/x86_64-elf-gcc.exe 
Build flags: -g;-c;-O0;-m32;-fno-pie;-fno-stack-protector;-fno-asynchronous-unwind-tables
Id flags:  

The output was:
0


Compilation of the C compiler identification source "CMakeCCompilerId.c" produced "CMakeCCompilerId.o"

The C compiler identification is GNU, found in "C:/Users/11580/Desktop/LinuxCore/Linux_86/SourceCode/start/start/build/CMakeFiles/3.23.1/CompilerIdC/CMakeCCompilerId.o"

Determining if the C compiler works passed with the following output:
Change Dir: C:/Users/11580/Desktop/LinuxCore/Linux_86/SourceCode/start/start/build/CMakeFiles/CMakeTmp

Run Build Command(s):C:/x86_64-elf-tools-windows/bin/make.exe -f Makefile cmTC_b50fc/fast && C:/x86_64-elf-tools-windows/bin/make.exe  -f CMakeFiles/cmTC_b50fc.dir/build.make CMakeFiles/cmTC_b50fc.dir/build
make[1]: Entering directory 'C:/Users/11580/Desktop/LinuxCore/Linux_86/SourceCode/start/start/build/CMakeFiles/CMakeTmp'
Building C object CMakeFiles/cmTC_b50fc.dir/testCCompiler.c.obj
C:/x86_64-elf-tools-windows/bin/x86_64-elf-gcc.exe   -g -c -O0 -m32 -fno-pie -fno-stack-protector -fno-asynchronous-unwind-tables  -o CMakeFiles/cmTC_b50fc.dir/testCCompiler.c.obj -c C:/Users/11580/Desktop/LinuxCore/Linux_86/SourceCode/start/start/build/CMakeFiles/CMakeTmp/testCCompiler.c
Linking C executable cmTC_b50fc.exe
"C:/Program Files (x86)/CMake/bin/cmake.exe" -E rm -f CMakeFiles/cmTC_b50fc.dir/objects.a
C:/x86_64-elf-tools-windows/bin/x86_64-elf-ar.exe qc CMakeFiles/cmTC_b50fc.dir/objects.a @CMakeFiles/cmTC_b50fc.dir/objects1.rsp
C:/x86_64-elf-tools-windows/bin/x86_64-elf-gcc.exe -g -c -O0 -m32 -fno-pie -fno-stack-protector -fno-asynchronous-unwind-tables  -Wl,--whole-archive CMakeFiles/cmTC_b50fc.dir/objects.a -Wl,--no-whole-archive -o cmTC_b50fc.exe -Wl,--out-implib,libcmTC_b50fc.dll.a -Wl,--major-image-version,0,--minor-image-version,0 @CMakeFiles/cmTC_b50fc.dir/linklibs.rsp
x86_64-elf-gcc.exe: warning: CMakeFiles/cmTC_b50fc.dir/objects.a: linker input file unused because linking not done
make[1]: Leaving directory 'C:/Users/11580/Desktop/LinuxCore/Linux_86/SourceCode/start/start/build/CMakeFiles/CMakeTmp'



Checking whether the ASM compiler is GNU using "--version" matched "(GNU assembler)|(GCC)|(Free Software Foundation)":
x86_64-elf-gcc.exe (GCC) 7.1.0
Copyright (C) 2017 Free Software Foundation, Inc.
This is free software; see the source for copying conditions.  There is NO
warranty; not even for MERCHANTABILITY or FITNESS FOR A PARTICULAR PURPOSE.

